<?xml version="1.0" encoding="UTF-8"?>
<!-- Generated by org.testng.reporters.JUnitXMLReporter -->
<testsuite hostname="Avinashs-MacBook-Pro.local" ignored="0" name="Test" tests="5" failures="1" timestamp="07 Feb 2019 17:22:00 GMT" time="0.169" errors="0">
  <testcase name="m1" time="0.04" classname="TestCases.Smoke"/>
  <testcase name="m1" time="0.004" classname="TestCases.Functional"/>
  <testcase name="m2" time="0.006" classname="TestCases.Functional">
    <failure type="java.lang.ArithmeticException">
      <![CDATA[java.lang.ArithmeticException
at TestCases.Functional.m2(Functional.java:15)
... Removed 25 stack frames]]>
    </failure>
  </testcase> <!-- m2 -->
  <testcase name="m1" time="0.002" classname="TestCases.Regression"/>
  <testcase name="m2" time="0.007" classname="TestCases.Regression"/>
</testsuite> <!-- Test -->
